app/build/intermediates/manifest_merge_blame_file/debug/manifest-merger-blame-debug-report.txt
1<?xml version="1.0" encoding="utf-8"?>
2<manifest xmlns:android="http://schemas.android.com/apk/res/android"
3    package="com.smokezone"
4    android:versionCode="1"
5    android:versionName="1.0" >
6
7    <uses-sdk
8        android:minSdkVersion="29"
9        android:targetSdkVersion="34" />
10
11    <uses-permission android:name="android.permission.INTERNET" />
11-->src\main\AndroidManifest.xml:5:5-67
11-->src\main\AndroidManifest.xml:5:22-64
12    <uses-permission android:name="android.permission.ACCESS_COARSE_LOCATION" />
12-->src\main\AndroidManifest.xml:6:5-81
12-->src\main\AndroidManifest.xml:6:22-78
13    <uses-permission android:name="android.permission.ACCESS_FINE_LOCATION" />
13-->src\main\AndroidManifest.xml:7:5-79
13-->src\main\AndroidManifest.xml:7:22-76
14    <uses-permission android:name="android.permission.ACCESS_NETWORK_STATE" />
14-->src\main\AndroidManifest.xml:8:5-79
14-->src\main\AndroidManifest.xml:8:22-76
15    <uses-permission android:name="android.permission.POST_NOTIFICATIONS" />
15-->src\main\AndroidManifest.xml:9:5-77
15-->src\main\AndroidManifest.xml:9:22-74
16    <uses-permission android:name="android.permission.RECEIVE_BOOT_COMPLETED" />
16-->src\main\AndroidManifest.xml:10:5-81
16-->src\main\AndroidManifest.xml:10:22-78
17    <uses-permission android:name="com.android.alarm.permission.SET_ALARM" />
17-->src\main\AndroidManifest.xml:11:5-78
17-->src\main\AndroidManifest.xml:11:22-75
18
19    <uses-feature
19-->[com.naver.maps:map-sdk:3.17.0] AndroidManifest.xml:7:5-9:35
20        android:glEsVersion="0x00020000"
20-->[com.naver.maps:map-sdk:3.17.0] AndroidManifest.xml:8:9-41
21        android:required="true" />
21-->[com.naver.maps:map-sdk:3.17.0] AndroidManifest.xml:9:9-32
22    <uses-feature
22-->[com.naver.maps:map-sdk:3.17.0] AndroidManifest.xml:10:5-12:36
23        android:name="android.hardware.wifi"
23-->[com.naver.maps:map-sdk:3.17.0] AndroidManifest.xml:11:9-45
24        android:required="false" />
24-->[com.naver.maps:map-sdk:3.17.0] AndroidManifest.xml:12:9-33
25
26    <uses-permission android:name="android.permission.ACCESS_WIFI_STATE" />
26-->[com.naver.maps:map-sdk:3.17.0] AndroidManifest.xml:16:5-76
26-->[com.naver.maps:map-sdk:3.17.0] AndroidManifest.xml:16:22-73
27    <uses-permission android:name="android.permission.WAKE_LOCK" />
27-->[androidx.work:work-runtime:2.9.0] AndroidManifest.xml:23:5-68
27-->[androidx.work:work-runtime:2.9.0] AndroidManifest.xml:23:22-65
28    <uses-permission android:name="android.permission.FOREGROUND_SERVICE" />
28-->[androidx.work:work-runtime:2.9.0] AndroidManifest.xml:26:5-77
28-->[androidx.work:work-runtime:2.9.0] AndroidManifest.xml:26:22-74
29
30    <permission
30-->[androidx.core:core:1.12.0] AndroidManifest.xml:22:5-24:47
31        android:name="com.smokezone.DYNAMIC_RECEIVER_NOT_EXPORTED_PERMISSION"
31-->[androidx.core:core:1.12.0] AndroidManifest.xml:23:9-81
32        android:protectionLevel="signature" />
32-->[androidx.core:core:1.12.0] AndroidManifest.xml:24:9-44
33
34    <uses-permission android:name="com.smokezone.DYNAMIC_RECEIVER_NOT_EXPORTED_PERMISSION" />
34-->[androidx.core:core:1.12.0] AndroidManifest.xml:26:5-97
34-->[androidx.core:core:1.12.0] AndroidManifest.xml:26:22-94
35
36    <application
36-->src\main\AndroidManifest.xml:13:5-78:19
37        android:allowBackup="true"
37-->src\main\AndroidManifest.xml:14:9-35
38        android:appComponentFactory="androidx.core.app.CoreComponentFactory"
38-->[androidx.core:core:1.12.0] AndroidManifest.xml:28:18-86
39        android:dataExtractionRules="@xml/data_extraction_rules"
39-->src\main\AndroidManifest.xml:15:9-65
40        android:debuggable="true"
41        android:extractNativeLibs="false"
42        android:fullBackupContent="@xml/backup_rules"
42-->src\main\AndroidManifest.xml:16:9-54
43        android:icon="@mipmap/ic_launcher"
43-->src\main\AndroidManifest.xml:17:9-43
44        android:label="@string/app_name"
44-->src\main\AndroidManifest.xml:18:9-41
45        android:roundIcon="@mipmap/ic_launcher_round"
45-->src\main\AndroidManifest.xml:19:9-54
46        android:supportsRtl="true"
46-->src\main\AndroidManifest.xml:20:9-35
47        android:testOnly="true"
48        android:theme="@style/Theme.SmokeZone" >
48-->src\main\AndroidManifest.xml:21:9-47
49        <activity
49-->src\main\AndroidManifest.xml:23:9-25:40
50            android:name="com.smokezone.ui.notification.NotificationActivity"
50-->src\main\AndroidManifest.xml:24:13-65
51            android:exported="false" />
51-->src\main\AndroidManifest.xml:25:13-37
52
53        <receiver
53-->src\main\AndroidManifest.xml:27:9-34:20
54            android:name="com.smokezone.ui.notification.AlarmReceiver"
54-->src\main\AndroidManifest.xml:28:13-58
55            android:enabled="true"
55-->src\main\AndroidManifest.xml:29:13-35
56            android:exported="false" >
56-->src\main\AndroidManifest.xml:30:13-37
57            <intent-filter>
57-->src\main\AndroidManifest.xml:31:13-33:29
58                <action android:name="android.intent.action.BOOT_COMPLETED" />
58-->src\main\AndroidManifest.xml:32:17-79
58-->src\main\AndroidManifest.xml:32:25-76
59            </intent-filter>
60        </receiver>
61
62        <activity
62-->src\main\AndroidManifest.xml:36:9-38:40
63            android:name="com.smokezone.ui.chat.ChatRoomActivity"
63-->src\main\AndroidManifest.xml:37:13-53
64            android:exported="false" />
64-->src\main\AndroidManifest.xml:38:13-37
65        <activity
65-->src\main\AndroidManifest.xml:39:9-41:40
66            android:name="com.smokezone.ui.chat.MessageActivity"
66-->src\main\AndroidManifest.xml:40:13-52
67            android:exported="false" />
67-->src\main\AndroidManifest.xml:41:13-37
68        <activity
68-->src\main\AndroidManifest.xml:42:9-44:40
69            android:name="com.smokezone.ui.MainActivity"
69-->src\main\AndroidManifest.xml:43:13-44
70            android:exported="false" />
70-->src\main\AndroidManifest.xml:44:13-37
71        <activity
71-->src\main\AndroidManifest.xml:45:9-47:40
72            android:name="com.smokezone.ui.calendar.CalendarActivity"
72-->src\main\AndroidManifest.xml:46:13-57
73            android:exported="false" />
73-->src\main\AndroidManifest.xml:47:13-37
74        <activity
74-->src\main\AndroidManifest.xml:48:9-50:40
75            android:name="com.smokezone.ui.community.PostWriteActivity"
75-->src\main\AndroidManifest.xml:49:13-59
76            android:exported="false" />
76-->src\main\AndroidManifest.xml:50:13-37
77        <activity
77-->src\main\AndroidManifest.xml:51:9-53:40
78            android:name="com.smokezone.ui.community.PostActivity"
78-->src\main\AndroidManifest.xml:52:13-54
79            android:exported="false" />
79-->src\main\AndroidManifest.xml:53:13-37
80        <activity
80-->src\main\AndroidManifest.xml:54:9-56:40
81            android:name="com.smokezone.ui.community.CommunityActivity"
81-->src\main\AndroidManifest.xml:55:13-59
82            android:exported="false" />
82-->src\main\AndroidManifest.xml:56:13-37
83        <activity
83-->src\main\AndroidManifest.xml:57:9-59:40
84            android:name="com.smokezone.ui.user.SignupActivity"
84-->src\main\AndroidManifest.xml:58:13-51
85            android:exported="false" />
85-->src\main\AndroidManifest.xml:59:13-37
86        <activity
86-->src\main\AndroidManifest.xml:60:9-62:40
87            android:name="com.smokezone.MapActivity"
87-->src\main\AndroidManifest.xml:61:13-40
88            android:exported="false" />
88-->src\main\AndroidManifest.xml:62:13-37
89
90        <meta-data
90-->src\main\AndroidManifest.xml:64:9-66:42
91            android:name="com.naver.maps.map.CLIENT_ID"
91-->src\main\AndroidManifest.xml:65:13-56
92            android:value="fbjm1cpffe" />
92-->src\main\AndroidManifest.xml:66:13-39
93
94        <activity
94-->src\main\AndroidManifest.xml:68:9-77:20
95            android:name="com.smokezone.ui.user.LoginActivity"
95-->src\main\AndroidManifest.xml:69:13-50
96            android:exported="true"
96-->src\main\AndroidManifest.xml:70:13-36
97            android:label="@string/app_name" >
97-->src\main\AndroidManifest.xml:71:13-45
98            <intent-filter>
98-->src\main\AndroidManifest.xml:72:13-76:29
99                <action android:name="android.intent.action.MAIN" />
99-->src\main\AndroidManifest.xml:73:17-69
99-->src\main\AndroidManifest.xml:73:25-66
100
101                <category android:name="android.intent.category.LAUNCHER" />
101-->src\main\AndroidManifest.xml:75:17-77
101-->src\main\AndroidManifest.xml:75:27-74
102            </intent-filter>
103        </activity>
104        <activity
104-->[com.naver.maps:map-sdk:3.17.0] AndroidManifest.xml:19:9-23:51
105            android:name="com.naver.maps.map.app.LegendActivity"
105-->[com.naver.maps:map-sdk:3.17.0] AndroidManifest.xml:20:13-65
106            android:configChanges="screenSize|smallestScreenSize|screenLayout|orientation"
106-->[com.naver.maps:map-sdk:3.17.0] AndroidManifest.xml:21:13-91
107            android:label="@string/navermap_legend"
107-->[com.naver.maps:map-sdk:3.17.0] AndroidManifest.xml:22:13-52
108            android:theme="@style/navermap_app" />
108-->[com.naver.maps:map-sdk:3.17.0] AndroidManifest.xml:23:13-48
109        <activity
109-->[com.naver.maps:map-sdk:3.17.0] AndroidManifest.xml:24:9-28:51
110            android:name="com.naver.maps.map.app.LegalNoticeActivity"
110-->[com.naver.maps:map-sdk:3.17.0] AndroidManifest.xml:25:13-70
111            android:configChanges="screenSize|smallestScreenSize|screenLayout|orientation"
111-->[com.naver.maps:map-sdk:3.17.0] AndroidManifest.xml:26:13-91
112            android:label="@string/navermap_legal_notice"
112-->[com.naver.maps:map-sdk:3.17.0] AndroidManifest.xml:27:13-58
113            android:theme="@style/navermap_app" />
113-->[com.naver.maps:map-sdk:3.17.0] AndroidManifest.xml:28:13-48
114        <activity
114-->[com.naver.maps:map-sdk:3.17.0] AndroidManifest.xml:29:9-33:51
115            android:name="com.naver.maps.map.app.OpenSourceLicenseActivity"
115-->[com.naver.maps:map-sdk:3.17.0] AndroidManifest.xml:30:13-76
116            android:configChanges="screenSize|smallestScreenSize|screenLayout|orientation"
116-->[com.naver.maps:map-sdk:3.17.0] AndroidManifest.xml:31:13-91
117            android:label="@string/navermap_open_source_license"
117-->[com.naver.maps:map-sdk:3.17.0] AndroidManifest.xml:32:13-65
118            android:theme="@style/navermap_app" />
118-->[com.naver.maps:map-sdk:3.17.0] AndroidManifest.xml:33:13-48
119
120        <provider
120-->[com.github.prolificinteractive:material-calendarview:2.0.0] AndroidManifest.xml:12:9-16:40
121            android:name="com.prolificinteractive.materialcalendarview.MaterialCalendarViewInitProvider"
121-->[com.github.prolificinteractive:material-calendarview:2.0.0] AndroidManifest.xml:13:13-105
122            android:authorities="com.smokezone.materialcalendarviewinitprovider"
122-->[com.github.prolificinteractive:material-calendarview:2.0.0] AndroidManifest.xml:14:13-84
123            android:enabled="true"
123-->[com.github.prolificinteractive:material-calendarview:2.0.0] AndroidManifest.xml:15:13-35
124            android:exported="false" />
124-->[com.github.prolificinteractive:material-calendarview:2.0.0] AndroidManifest.xml:16:13-37
125
126        <service
126-->[com.google.firebase:firebase-database-ktx:20.1.0] AndroidManifest.xml:11:9-17:19
127            android:name="com.google.firebase.components.ComponentDiscoveryService"
127-->[com.google.firebase:firebase-database-ktx:20.1.0] AndroidManifest.xml:12:13-84
128            android:directBootAware="true"
128-->[com.google.firebase:firebase-common:20.3.2] AndroidManifest.xml:34:13-43
129            android:exported="false" >
129-->[com.google.firebase:firebase-database-ktx:20.1.0] AndroidManifest.xml:13:13-37
130            <meta-data
130-->[com.google.firebase:firebase-database-ktx:20.1.0] AndroidManifest.xml:14:13-16:85
131                android:name="com.google.firebase.components:com.google.firebase.database.ktx.FirebaseDatabaseKtxRegistrar"
131-->[com.google.firebase:firebase-database-ktx:20.1.0] AndroidManifest.xml:15:17-124
132                android:value="com.google.firebase.components.ComponentRegistrar" />
132-->[com.google.firebase:firebase-database-ktx:20.1.0] AndroidManifest.xml:16:17-82
133            <meta-data
133-->[com.google.firebase:firebase-database:20.1.0] AndroidManifest.xml:31:13-33:85
134                android:name="com.google.firebase.components:com.google.firebase.database.DatabaseRegistrar"
134-->[com.google.firebase:firebase-database:20.1.0] AndroidManifest.xml:32:17-109
135                android:value="com.google.firebase.components.ComponentRegistrar" />
135-->[com.google.firebase:firebase-database:20.1.0] AndroidManifest.xml:33:17-82
136            <meta-data
136-->[com.google.firebase:firebase-firestore-ktx:24.4.5] AndroidManifest.xml:14:13-16:85
137                android:name="com.google.firebase.components:com.google.firebase.firestore.ktx.FirebaseFirestoreKtxRegistrar"
137-->[com.google.firebase:firebase-firestore-ktx:24.4.5] AndroidManifest.xml:15:17-126
138                android:value="com.google.firebase.components.ComponentRegistrar" />
138-->[com.google.firebase:firebase-firestore-ktx:24.4.5] AndroidManifest.xml:16:17-82
139            <meta-data
139-->[com.google.firebase:firebase-firestore:24.4.5] AndroidManifest.xml:19:13-21:85
140                android:name="com.google.firebase.components:com.google.firebase.firestore.FirestoreRegistrar"
140-->[com.google.firebase:firebase-firestore:24.4.5] AndroidManifest.xml:20:17-111
141                android:value="com.google.firebase.components.ComponentRegistrar" />
141-->[com.google.firebase:firebase-firestore:24.4.5] AndroidManifest.xml:21:17-82
142            <meta-data
142-->[com.google.firebase:firebase-auth-ktx:21.1.0] AndroidManifest.xml:11:13-13:85
143                android:name="com.google.firebase.components:com.google.firebase.auth.ktx.FirebaseAuthKtxRegistrar"
143-->[com.google.firebase:firebase-auth-ktx:21.1.0] AndroidManifest.xml:12:17-116
144                android:value="com.google.firebase.components.ComponentRegistrar" />
144-->[com.google.firebase:firebase-auth-ktx:21.1.0] AndroidManifest.xml:13:17-82
145            <meta-data
145-->[com.google.firebase:firebase-auth:21.1.0] AndroidManifest.xml:67:13-69:85
146                android:name="com.google.firebase.components:com.google.firebase.auth.FirebaseAuthRegistrar"
146-->[com.google.firebase:firebase-auth:21.1.0] AndroidManifest.xml:68:17-109
147                android:value="com.google.firebase.components.ComponentRegistrar" />
147-->[com.google.firebase:firebase-auth:21.1.0] AndroidManifest.xml:69:17-82
148            <meta-data
148-->[com.google.firebase:firebase-common-ktx:20.3.2] AndroidManifest.xml:14:13-16:85
149                android:name="com.google.firebase.components:com.google.firebase.ktx.FirebaseCommonKtxRegistrar"
149-->[com.google.firebase:firebase-common-ktx:20.3.2] AndroidManifest.xml:15:17-113
150                android:value="com.google.firebase.components.ComponentRegistrar" />
150-->[com.google.firebase:firebase-common-ktx:20.3.2] AndroidManifest.xml:16:17-82
151        </service>
152
153        <activity
153-->[com.google.firebase:firebase-auth:21.1.0] AndroidManifest.xml:27:9-44:20
154            android:name="com.google.firebase.auth.internal.GenericIdpActivity"
154-->[com.google.firebase:firebase-auth:21.1.0] AndroidManifest.xml:28:13-80
155            android:excludeFromRecents="true"
155-->[com.google.firebase:firebase-auth:21.1.0] AndroidManifest.xml:29:13-46
156            android:exported="true"
156-->[com.google.firebase:firebase-auth:21.1.0] AndroidManifest.xml:30:13-36
157            android:launchMode="singleTask"
157-->[com.google.firebase:firebase-auth:21.1.0] AndroidManifest.xml:31:13-44
158            android:theme="@android:style/Theme.Translucent.NoTitleBar" >
158-->[com.google.firebase:firebase-auth:21.1.0] AndroidManifest.xml:32:13-72
159            <intent-filter>
159-->[com.google.firebase:firebase-auth:21.1.0] AndroidManifest.xml:33:13-43:29
160                <action android:name="android.intent.action.VIEW" />
160-->[com.google.firebase:firebase-auth:21.1.0] AndroidManifest.xml:34:17-69
160-->[com.google.firebase:firebase-auth:21.1.0] AndroidManifest.xml:34:25-66
161
162                <category android:name="android.intent.category.DEFAULT" />
162-->[com.google.firebase:firebase-auth:21.1.0] AndroidManifest.xml:36:17-76
162-->[com.google.firebase:firebase-auth:21.1.0] AndroidManifest.xml:36:27-73
163                <category android:name="android.intent.category.BROWSABLE" />
163-->[com.google.firebase:firebase-auth:21.1.0] AndroidManifest.xml:37:17-78
163-->[com.google.firebase:firebase-auth:21.1.0] AndroidManifest.xml:37:27-75
164
165                <data
165-->[com.google.firebase:firebase-auth:21.1.0] AndroidManifest.xml:39:17-42:51
166                    android:host="firebase.auth"
166-->[com.google.firebase:firebase-auth:21.1.0] AndroidManifest.xml:40:21-49
167                    android:path="/"
167-->[com.google.firebase:firebase-auth:21.1.0] AndroidManifest.xml:41:21-37
168                    android:scheme="genericidp" />
168-->[com.google.firebase:firebase-auth:21.1.0] AndroidManifest.xml:42:21-48
169            </intent-filter>
170        </activity>
171        <activity
171-->[com.google.firebase:firebase-auth:21.1.0] AndroidManifest.xml:45:9-62:20
172            android:name="com.google.firebase.auth.internal.RecaptchaActivity"
172-->[com.google.firebase:firebase-auth:21.1.0] AndroidManifest.xml:46:13-79
173            android:excludeFromRecents="true"
173-->[com.google.firebase:firebase-auth:21.1.0] AndroidManifest.xml:47:13-46
174            android:exported="true"
174-->[com.google.firebase:firebase-auth:21.1.0] AndroidManifest.xml:48:13-36
175            android:launchMode="singleTask"
175-->[com.google.firebase:firebase-auth:21.1.0] AndroidManifest.xml:49:13-44
176            android:theme="@android:style/Theme.Translucent.NoTitleBar" >
176-->[com.google.firebase:firebase-auth:21.1.0] AndroidManifest.xml:50:13-72
177            <intent-filter>
177-->[com.google.firebase:firebase-auth:21.1.0] AndroidManifest.xml:51:13-61:29
178                <action android:name="android.intent.action.VIEW" />
178-->[com.google.firebase:firebase-auth:21.1.0] AndroidManifest.xml:34:17-69
178-->[com.google.firebase:firebase-auth:21.1.0] AndroidManifest.xml:34:25-66
179
180                <category android:name="android.intent.category.DEFAULT" />
180-->[com.google.firebase:firebase-auth:21.1.0] AndroidManifest.xml:36:17-76
180-->[com.google.firebase:firebase-auth:21.1.0] AndroidManifest.xml:36:27-73
181                <category android:name="android.intent.category.BROWSABLE" />
181-->[com.google.firebase:firebase-auth:21.1.0] AndroidManifest.xml:37:17-78
181-->[com.google.firebase:firebase-auth:21.1.0] AndroidManifest.xml:37:27-75
182
183                <data
183-->[com.google.firebase:firebase-auth:21.1.0] AndroidManifest.xml:39:17-42:51
184                    android:host="firebase.auth"
184-->[com.google.firebase:firebase-auth:21.1.0] AndroidManifest.xml:40:21-49
185                    android:path="/"
185-->[com.google.firebase:firebase-auth:21.1.0] AndroidManifest.xml:41:21-37
186                    android:scheme="recaptcha" />
186-->[com.google.firebase:firebase-auth:21.1.0] AndroidManifest.xml:42:21-48
187            </intent-filter>
188        </activity>
189        <activity
189-->[com.google.android.gms:play-services-base:18.1.0] AndroidManifest.xml:20:9-22:45
190            android:name="com.google.android.gms.common.api.GoogleApiActivity"
190-->[com.google.android.gms:play-services-base:18.1.0] AndroidManifest.xml:20:19-85
191            android:exported="false"
191-->[com.google.android.gms:play-services-base:18.1.0] AndroidManifest.xml:22:19-43
192            android:theme="@android:style/Theme.Translucent.NoTitleBar" />
192-->[com.google.android.gms:play-services-base:18.1.0] AndroidManifest.xml:21:19-78
193
194        <provider
194-->[com.google.firebase:firebase-common:20.3.2] AndroidManifest.xml:25:9-30:39
195            android:name="com.google.firebase.provider.FirebaseInitProvider"
195-->[com.google.firebase:firebase-common:20.3.2] AndroidManifest.xml:26:13-77
196            android:authorities="com.smokezone.firebaseinitprovider"
196-->[com.google.firebase:firebase-common:20.3.2] AndroidManifest.xml:27:13-72
197            android:directBootAware="true"
197-->[com.google.firebase:firebase-common:20.3.2] AndroidManifest.xml:28:13-43
198            android:exported="false"
198-->[com.google.firebase:firebase-common:20.3.2] AndroidManifest.xml:29:13-37
199            android:initOrder="100" />
199-->[com.google.firebase:firebase-common:20.3.2] AndroidManifest.xml:30:13-36
200        <provider
200-->[androidx.emoji2:emoji2:1.2.0] AndroidManifest.xml:24:9-32:20
201            android:name="androidx.startup.InitializationProvider"
201-->[androidx.emoji2:emoji2:1.2.0] AndroidManifest.xml:25:13-67
202            android:authorities="com.smokezone.androidx-startup"
202-->[androidx.emoji2:emoji2:1.2.0] AndroidManifest.xml:26:13-68
203            android:exported="false" >
203-->[androidx.emoji2:emoji2:1.2.0] AndroidManifest.xml:27:13-37
204            <meta-data
204-->[androidx.emoji2:emoji2:1.2.0] AndroidManifest.xml:29:13-31:52
205                android:name="androidx.emoji2.text.EmojiCompatInitializer"
205-->[androidx.emoji2:emoji2:1.2.0] AndroidManifest.xml:30:17-75
206                android:value="androidx.startup" />
206-->[androidx.emoji2:emoji2:1.2.0] AndroidManifest.xml:31:17-49
207            <meta-data
207-->[androidx.work:work-runtime:2.9.0] AndroidManifest.xml:34:13-36:52
208                android:name="androidx.work.WorkManagerInitializer"
208-->[androidx.work:work-runtime:2.9.0] AndroidManifest.xml:35:17-68
209                android:value="androidx.startup" />
209-->[androidx.work:work-runtime:2.9.0] AndroidManifest.xml:36:17-49
210            <meta-data
210-->[androidx.lifecycle:lifecycle-process:2.7.0] AndroidManifest.xml:29:13-31:52
211                android:name="androidx.lifecycle.ProcessLifecycleInitializer"
211-->[androidx.lifecycle:lifecycle-process:2.7.0] AndroidManifest.xml:30:17-78
212                android:value="androidx.startup" />
212-->[androidx.lifecycle:lifecycle-process:2.7.0] AndroidManifest.xml:31:17-49
213            <meta-data
213-->[androidx.profileinstaller:profileinstaller:1.3.0] AndroidManifest.xml:29:13-31:52
214                android:name="androidx.profileinstaller.ProfileInstallerInitializer"
214-->[androidx.profileinstaller:profileinstaller:1.3.0] AndroidManifest.xml:30:17-85
215                android:value="androidx.startup" />
215-->[androidx.profileinstaller:profileinstaller:1.3.0] AndroidManifest.xml:31:17-49
216        </provider>
217
218        <service
218-->[androidx.work:work-runtime:2.9.0] AndroidManifest.xml:39:9-45:35
219            android:name="androidx.work.impl.background.systemalarm.SystemAlarmService"
219-->[androidx.work:work-runtime:2.9.0] AndroidManifest.xml:40:13-88
220            android:directBootAware="false"
220-->[androidx.work:work-runtime:2.9.0] AndroidManifest.xml:41:13-44
221            android:enabled="@bool/enable_system_alarm_service_default"
221-->[androidx.work:work-runtime:2.9.0] AndroidManifest.xml:42:13-72
222            android:exported="false" />
222-->[androidx.work:work-runtime:2.9.0] AndroidManifest.xml:43:13-37
223        <service
223-->[androidx.work:work-runtime:2.9.0] AndroidManifest.xml:46:9-52:35
224            android:name="androidx.work.impl.background.systemjob.SystemJobService"
224-->[androidx.work:work-runtime:2.9.0] AndroidManifest.xml:47:13-84
225            android:directBootAware="false"
225-->[androidx.work:work-runtime:2.9.0] AndroidManifest.xml:48:13-44
226            android:enabled="@bool/enable_system_job_service_default"
226-->[androidx.work:work-runtime:2.9.0] AndroidManifest.xml:49:13-70
227            android:exported="true"
227-->[androidx.work:work-runtime:2.9.0] AndroidManifest.xml:50:13-36
228            android:permission="android.permission.BIND_JOB_SERVICE" />
228-->[androidx.work:work-runtime:2.9.0] AndroidManifest.xml:51:13-69
229        <service
229-->[androidx.work:work-runtime:2.9.0] AndroidManifest.xml:53:9-59:35
230            android:name="androidx.work.impl.foreground.SystemForegroundService"
230-->[androidx.work:work-runtime:2.9.0] AndroidManifest.xml:54:13-81
231            android:directBootAware="false"
231-->[androidx.work:work-runtime:2.9.0] AndroidManifest.xml:55:13-44
232            android:enabled="@bool/enable_system_foreground_service_default"
232-->[androidx.work:work-runtime:2.9.0] AndroidManifest.xml:56:13-77
233            android:exported="false" />
233-->[androidx.work:work-runtime:2.9.0] AndroidManifest.xml:57:13-37
234
235        <receiver
235-->[androidx.work:work-runtime:2.9.0] AndroidManifest.xml:61:9-66:35
236            android:name="androidx.work.impl.utils.ForceStopRunnable$BroadcastReceiver"
236-->[androidx.work:work-runtime:2.9.0] AndroidManifest.xml:62:13-88
237            android:directBootAware="false"
237-->[androidx.work:work-runtime:2.9.0] AndroidManifest.xml:63:13-44
238            android:enabled="true"
238-->[androidx.work:work-runtime:2.9.0] AndroidManifest.xml:64:13-35
239            android:exported="false" />
239-->[androidx.work:work-runtime:2.9.0] AndroidManifest.xml:65:13-37
240        <receiver
240-->[androidx.work:work-runtime:2.9.0] AndroidManifest.xml:67:9-77:20
241            android:name="androidx.work.impl.background.systemalarm.ConstraintProxy$BatteryChargingProxy"
241-->[androidx.work:work-runtime:2.9.0] AndroidManifest.xml:68:13-106
242            android:directBootAware="false"
242-->[androidx.work:work-runtime:2.9.0] AndroidManifest.xml:69:13-44
243            android:enabled="false"
243-->[androidx.work:work-runtime:2.9.0] AndroidManifest.xml:70:13-36
244            android:exported="false" >
244-->[androidx.work:work-runtime:2.9.0] AndroidManifest.xml:71:13-37
245            <intent-filter>
245-->[androidx.work:work-runtime:2.9.0] AndroidManifest.xml:73:13-76:29
246                <action android:name="android.intent.action.ACTION_POWER_CONNECTED" />
246-->[androidx.work:work-runtime:2.9.0] AndroidManifest.xml:74:17-87
246-->[androidx.work:work-runtime:2.9.0] AndroidManifest.xml:74:25-84
247                <action android:name="android.intent.action.ACTION_POWER_DISCONNECTED" />
247-->[androidx.work:work-runtime:2.9.0] AndroidManifest.xml:75:17-90
247-->[androidx.work:work-runtime:2.9.0] AndroidManifest.xml:75:25-87
248            </intent-filter>
249        </receiver>
250        <receiver
250-->[androidx.work:work-runtime:2.9.0] AndroidManifest.xml:78:9-88:20
251            android:name="androidx.work.impl.background.systemalarm.ConstraintProxy$BatteryNotLowProxy"
251-->[androidx.work:work-runtime:2.9.0] AndroidManifest.xml:79:13-104
252            android:directBootAware="false"
252-->[androidx.work:work-runtime:2.9.0] AndroidManifest.xml:80:13-44
253            android:enabled="false"
253-->[androidx.work:work-runtime:2.9.0] AndroidManifest.xml:81:13-36
254            android:exported="false" >
254-->[androidx.work:work-runtime:2.9.0] AndroidManifest.xml:82:13-37
255            <intent-filter>
255-->[androidx.work:work-runtime:2.9.0] AndroidManifest.xml:84:13-87:29
256                <action android:name="android.intent.action.BATTERY_OKAY" />
256-->[androidx.work:work-runtime:2.9.0] AndroidManifest.xml:85:17-77
256-->[androidx.work:work-runtime:2.9.0] AndroidManifest.xml:85:25-74
257                <action android:name="android.intent.action.BATTERY_LOW" />
257-->[androidx.work:work-runtime:2.9.0] AndroidManifest.xml:86:17-76
257-->[androidx.work:work-runtime:2.9.0] AndroidManifest.xml:86:25-73
258            </intent-filter>
259        </receiver>
260        <receiver
260-->[androidx.work:work-runtime:2.9.0] AndroidManifest.xml:89:9-99:20
261            android:name="androidx.work.impl.background.systemalarm.ConstraintProxy$StorageNotLowProxy"
261-->[androidx.work:work-runtime:2.9.0] AndroidManifest.xml:90:13-104
262            android:directBootAware="false"
262-->[androidx.work:work-runtime:2.9.0] AndroidManifest.xml:91:13-44
263            android:enabled="false"
263-->[androidx.work:work-runtime:2.9.0] AndroidManifest.xml:92:13-36
264            android:exported="false" >
264-->[androidx.work:work-runtime:2.9.0] AndroidManifest.xml:93:13-37
265            <intent-filter>
265-->[androidx.work:work-runtime:2.9.0] AndroidManifest.xml:95:13-98:29
266                <action android:name="android.intent.action.DEVICE_STORAGE_LOW" />
266-->[androidx.work:work-runtime:2.9.0] AndroidManifest.xml:96:17-83
266-->[androidx.work:work-runtime:2.9.0] AndroidManifest.xml:96:25-80
267                <action android:name="android.intent.action.DEVICE_STORAGE_OK" />
267-->[androidx.work:work-runtime:2.9.0] AndroidManifest.xml:97:17-82
267-->[androidx.work:work-runtime:2.9.0] AndroidManifest.xml:97:25-79
268            </intent-filter>
269        </receiver>
270        <receiver
270-->[androidx.work:work-runtime:2.9.0] AndroidManifest.xml:100:9-109:20
271            android:name="androidx.work.impl.background.systemalarm.ConstraintProxy$NetworkStateProxy"
271-->[androidx.work:work-runtime:2.9.0] AndroidManifest.xml:101:13-103
272            android:directBootAware="false"
272-->[androidx.work:work-runtime:2.9.0] AndroidManifest.xml:102:13-44
273            android:enabled="false"
273-->[androidx.work:work-runtime:2.9.0] AndroidManifest.xml:103:13-36
274            android:exported="false" >
274-->[androidx.work:work-runtime:2.9.0] AndroidManifest.xml:104:13-37
275            <intent-filter>
275-->[androidx.work:work-runtime:2.9.0] AndroidManifest.xml:106:13-108:29